<?xml version="1.0" encoding="UTF-8"?>
<!-- Generated by org.testng.reporters.JUnitReportReporter -->
<testsuite hostname="NXQLX400" failures="0" tests="1" name="com.QACart.todo.testcases.LoginTest" time="4.709" errors="0" timestamp="2023-10-16T14:02:56 CEST" skipped="0">
  <testcase classname="com.QACart.todo.testcases.LoginTest" name="connecterAvecEmailEtMotdepasse" time="4.709"/>
</testsuite> <!-- com.QACart.todo.testcases.LoginTest -->
