<?xml version="1.0" encoding="UTF-8"?>
<!-- Generated by org.testng.reporters.JUnitReportReporter -->
<testsuite hostname="NXQLX400" failures="0" tests="2" name="com.QACart.todo.testcases.TodoTest" time="6.613" errors="0" timestamp="2023-10-12T14:13:04 CEST" skipped="0">
  <testcase classname="com.QACart.todo.testcases.TodoTest" name="CreerNouveauTodo" time="2.524"/>
  <testcase classname="com.QACart.todo.testcases.TodoTest" name="SupprimerTodo" time="4.089"/>
</testsuite> <!-- com.QACart.todo.testcases.TodoTest -->
